<?xml version="1.0" encoding="UTF-8"?>
<coverage generated="1676835414456" clover="3.2.0">
  <project timestamp="1676835414457" name="All files">
    <metrics statements="41" coveredstatements="23" conditionals="26" coveredconditionals="11" methods="12" coveredmethods="6" elements="79" coveredelements="40" complexity="0" loc="41" ncloc="41" packages="4" files="6" classes="6"/>
    <package name="src">
      <metrics statements="13" coveredstatements="4" conditionals="14" coveredconditionals="5" methods="3" coveredmethods="1"/>
      <file name="App.jsx" path="/home/jadygodoi/Documentos/Coding/Ada_Lets_Code/REACT/react-ii/src/App.jsx">
        <metrics statements="13" coveredstatements="4" conditionals="14" coveredconditionals="5" methods="3" coveredmethods="1"/>
        <line num="10" count="2" type="stmt"/>
        <line num="20" count="0" type="cond" truecount="0" falsecount="6"/>
        <line num="22" count="0" type="stmt"/>
        <line num="27" count="0" type="stmt"/>
        <line num="35" count="0" type="stmt"/>
        <line num="43" count="0" type="stmt"/>
        <line num="44" count="0" type="stmt"/>
        <line num="46" count="0" type="stmt"/>
        <line num="54" count="0" type="stmt"/>
        <line num="62" count="0" type="stmt"/>
        <line num="67" count="2" type="stmt"/>
        <line num="73" count="1" type="stmt"/>
        <line num="79" count="1" type="stmt"/>
      </file>
    </package>
    <package name="src.components.Title">
      <metrics statements="1" coveredstatements="1" conditionals="0" coveredconditionals="0" methods="0" coveredmethods="0"/>
      <file name="index.jsx" path="/home/jadygodoi/Documentos/Coding/Ada_Lets_Code/REACT/react-ii/src/components/Title/index.jsx">
        <metrics statements="0" coveredstatements="0" conditionals="0" coveredconditionals="0" methods="0" coveredmethods="0"/>
      </file>
      <file name="style.jsx" path="/home/jadygodoi/Documentos/Coding/Ada_Lets_Code/REACT/react-ii/src/components/Title/style.jsx">
        <metrics statements="1" coveredstatements="1" conditionals="0" coveredconditionals="0" methods="0" coveredmethods="0"/>
        <line num="3" count="2" type="stmt"/>
      </file>
    </package>
    <package name="src.pages.Login">
      <metrics statements="19" coveredstatements="10" conditionals="6" coveredconditionals="1" methods="5" coveredmethods="1"/>
      <file name="login.jsx" path="/home/jadygodoi/Documentos/Coding/Ada_Lets_Code/REACT/react-ii/src/pages/Login/login.jsx">
        <metrics statements="17" coveredstatements="8" conditionals="6" coveredconditionals="1" methods="5" coveredmethods="1"/>
        <line num="13" count="2" type="stmt"/>
        <line num="14" count="2" type="stmt"/>
        <line num="15" count="2" type="stmt"/>
        <line num="18" count="2" type="stmt"/>
        <line num="19" count="2" type="stmt"/>
        <line num="21" count="2" type="stmt"/>
        <line num="22" count="0" type="stmt"/>
        <line num="23" count="0" type="stmt"/>
        <line num="25" count="0" type="stmt"/>
        <line num="26" count="0" type="stmt"/>
        <line num="29" count="0" type="cond" truecount="0" falsecount="4"/>
        <line num="30" count="0" type="stmt"/>
        <line num="31" count="0" type="stmt"/>
        <line num="34" count="0" type="stmt"/>
        <line num="40" count="2" type="stmt"/>
        <line num="41" count="0" type="stmt"/>
        <line num="45" count="2" type="stmt"/>
      </file>
      <file name="style.jsx" path="/home/jadygodoi/Documentos/Coding/Ada_Lets_Code/REACT/react-ii/src/pages/Login/style.jsx">
        <metrics statements="2" coveredstatements="2" conditionals="0" coveredconditionals="0" methods="0" coveredmethods="0"/>
        <line num="3" count="2" type="stmt"/>
        <line num="22" count="2" type="stmt"/>
      </file>
    </package>
    <package name="src.ui.Text">
      <metrics statements="8" coveredstatements="8" conditionals="6" coveredconditionals="5" methods="4" coveredmethods="4"/>
      <file name="text.jsx" path="/home/jadygodoi/Documentos/Coding/Ada_Lets_Code/REACT/react-ii/src/ui/Text/text.jsx">
        <metrics statements="8" coveredstatements="8" conditionals="6" coveredconditionals="5" methods="4" coveredmethods="4"/>
        <line num="3" count="3" type="stmt"/>
        <line num="4" count="5" type="cond" truecount="2" falsecount="0"/>
        <line num="5" count="5" type="cond" truecount="1" falsecount="1"/>
        <line num="6" count="5" type="cond" truecount="2" falsecount="0"/>
        <line num="9" count="3" type="stmt"/>
        <line num="12" count="3" type="stmt"/>
        <line num="21" count="3" type="stmt"/>
        <line num="22" count="2" type="stmt"/>
      </file>
    </package>
  </project>
</coverage>
