{"/home/jadygodoi/Documentos/Coding/Ada_Lets_Code/REACT/react-ii/src/App.jsx": {"path":"/home/jadygodoi/Documentos/Coding/Ada_Lets_Code/REACT/react-ii/src/App.jsx","statementMap":{"0":{"start":{"line":10,"column":21},"end":{"line":17,"column":1}},"1":{"start":{"line":20,"column":2},"end":{"line":63,"column":3}},"2":{"start":{"line":22,"column":6},"end":{"line":25,"column":8}},"3":{"start":{"line":27,"column":6},"end":{"line":33,"column":8}},"4":{"start":{"line":35,"column":6},"end":{"line":41,"column":8}},"5":{"start":{"line":43,"column":28},"end":{"line":45,"column":8}},"6":{"start":{"line":44,"column":8},"end":{"line":44,"column":43}},"7":{"start":{"line":46,"column":6},"end":{"line":52,"column":8}},"8":{"start":{"line":54,"column":8},"end":{"line":60,"column":9}},"9":{"start":{"line":62,"column":6},"end":{"line":62,"column":19}},"10":{"start":{"line":67,"column":28},"end":{"line":67,"column":55}},"11":{"start":{"line":73,"column":34},"end":{"line":73,"column":67}},"12":{"start":{"line":79,"column":2},"end":{"line":111,"column":4}}},"fnMap":{"0":{"name":"reducer","decl":{"start":{"line":19,"column":9},"end":{"line":19,"column":16}},"loc":{"start":{"line":19,"column":32},"end":{"line":64,"column":1}},"line":19},"1":{"name":"(anonymous_1)","decl":{"start":{"line":43,"column":51},"end":{"line":43,"column":52}},"loc":{"start":{"line":43,"column":62},"end":{"line":45,"column":7}},"line":43},"2":{"name":"App","decl":{"start":{"line":69,"column":9},"end":{"line":69,"column":12}},"loc":{"start":{"line":69,"column":15},"end":{"line":112,"column":1}},"line":69}},"branchMap":{"0":{"loc":{"start":{"line":20,"column":2},"end":{"line":63,"column":3}},"type":"switch","locations":[{"start":{"line":21,"column":4},"end":{"line":25,"column":8}},{"start":{"line":26,"column":4},"end":{"line":33,"column":8}},{"start":{"line":34,"column":4},"end":{"line":41,"column":8}},{"start":{"line":42,"column":4},"end":{"line":52,"column":8}},{"start":{"line":53,"column":6},"end":{"line":60,"column":9}},{"start":{"line":61,"column":4},"end":{"line":62,"column":19}}],"line":20},"1":{"loc":{"start":{"line":81,"column":7},"end":{"line":81,"column":55}},"type":"binary-expr","locations":[{"start":{"line":81,"column":7},"end":{"line":81,"column":42}},{"start":{"line":81,"column":46},"end":{"line":81,"column":55}}],"line":81},"2":{"loc":{"start":{"line":82,"column":7},"end":{"line":82,"column":57}},"type":"binary-expr","locations":[{"start":{"line":82,"column":7},"end":{"line":82,"column":43}},{"start":{"line":82,"column":47},"end":{"line":82,"column":57}}],"line":82},"3":{"loc":{"start":{"line":83,"column":7},"end":{"line":83,"column":53}},"type":"binary-expr","locations":[{"start":{"line":83,"column":7},"end":{"line":83,"column":41}},{"start":{"line":83,"column":45},"end":{"line":83,"column":53}}],"line":83},"4":{"loc":{"start":{"line":84,"column":7},"end":{"line":84,"column":55}},"type":"binary-expr","locations":[{"start":{"line":84,"column":7},"end":{"line":84,"column":42}},{"start":{"line":84,"column":46},"end":{"line":84,"column":55}}],"line":84}},"s":{"0":2,"1":0,"2":0,"3":0,"4":0,"5":0,"6":0,"7":0,"8":0,"9":0,"10":2,"11":1,"12":1},"f":{"0":0,"1":0,"2":1},"b":{"0":[0,0,0,0,0,0],"1":[1,1],"2":[1,0],"3":[1,0],"4":[1,0]},"_coverageSchema":"1a1c01bbd47fc00a2c39e90264f33305004495a9","hash":"420a4ea9eab1aa67a0b3bc37bebf7d9e33cdea32"}
,"/home/jadygodoi/Documentos/Coding/Ada_Lets_Code/REACT/react-ii/src/components/Title/index.jsx": {"path":"/home/jadygodoi/Documentos/Coding/Ada_Lets_Code/REACT/react-ii/src/components/Title/index.jsx","statementMap":{},"fnMap":{},"branchMap":{},"s":{},"f":{},"b":{},"_coverageSchema":"1a1c01bbd47fc00a2c39e90264f33305004495a9","hash":"cb86c0e9de56e75fc6d8a5083123e1aac960c6be"}
,"/home/jadygodoi/Documentos/Coding/Ada_Lets_Code/REACT/react-ii/src/components/Title/style.jsx": {"path":"/home/jadygodoi/Documentos/Coding/Ada_Lets_Code/REACT/react-ii/src/components/Title/style.jsx","statementMap":{"0":{"start":{"line":3,"column":23},"end":{"line":5,"column":1}}},"fnMap":{},"branchMap":{},"s":{"0":2},"f":{},"b":{},"_coverageSchema":"1a1c01bbd47fc00a2c39e90264f33305004495a9","hash":"6b23bb29144af61c73f47d5f4d349f9088fe3727"}
,"/home/jadygodoi/Documentos/Coding/Ada_Lets_Code/REACT/react-ii/src/pages/Login/login.jsx": {"path":"/home/jadygodoi/Documentos/Coding/Ada_Lets_Code/REACT/react-ii/src/pages/Login/login.jsx","statementMap":{"0":{"start":{"line":13,"column":21},"end":{"line":67,"column":1}},"1":{"start":{"line":14,"column":16},"end":{"line":14,"column":40}},"2":{"start":{"line":15,"column":37},"end":{"line":15,"column":52}},"3":{"start":{"line":18,"column":18},"end":{"line":18,"column":30}},"4":{"start":{"line":19,"column":23},"end":{"line":19,"column":35}},"5":{"start":{"line":21,"column":23},"end":{"line":38,"column":3}},"6":{"start":{"line":22,"column":27},"end":{"line":24,"column":5}},"7":{"start":{"line":23,"column":16},"end":{"line":23,"column":54}},"8":{"start":{"line":25,"column":30},"end":{"line":27,"column":5}},"9":{"start":{"line":26,"column":16},"end":{"line":26,"column":60}},"10":{"start":{"line":29,"column":4},"end":{"line":37,"column":5}},"11":{"start":{"line":30,"column":6},"end":{"line":30,"column":60}},"12":{"start":{"line":31,"column":6},"end":{"line":31,"column":72}},"13":{"start":{"line":34,"column":6},"end":{"line":34,"column":24}},"14":{"start":{"line":40,"column":27},"end":{"line":43,"column":3}},"15":{"start":{"line":41,"column":4},"end":{"line":41,"column":60}},"16":{"start":{"line":45,"column":2},"end":{"line":66,"column":4}}},"fnMap":{"0":{"name":"(anonymous_0)","decl":{"start":{"line":13,"column":21},"end":{"line":13,"column":22}},"loc":{"start":{"line":13,"column":27},"end":{"line":67,"column":1}},"line":13},"1":{"name":"(anonymous_1)","decl":{"start":{"line":21,"column":23},"end":{"line":21,"column":24}},"loc":{"start":{"line":21,"column":29},"end":{"line":38,"column":3}},"line":21},"2":{"name":"(anonymous_2)","decl":{"start":{"line":23,"column":6},"end":{"line":23,"column":7}},"loc":{"start":{"line":23,"column":16},"end":{"line":23,"column":54}},"line":23},"3":{"name":"(anonymous_3)","decl":{"start":{"line":26,"column":6},"end":{"line":26,"column":7}},"loc":{"start":{"line":26,"column":16},"end":{"line":26,"column":60}},"line":26},"4":{"name":"(anonymous_4)","decl":{"start":{"line":40,"column":27},"end":{"line":40,"column":28}},"loc":{"start":{"line":40,"column":33},"end":{"line":43,"column":3}},"line":40}},"branchMap":{"0":{"loc":{"start":{"line":29,"column":4},"end":{"line":37,"column":5}},"type":"if","locations":[{"start":{"line":29,"column":4},"end":{"line":37,"column":5}},{"start":{"line":33,"column":11},"end":{"line":37,"column":5}}],"line":29},"1":{"loc":{"start":{"line":29,"column":8},"end":{"line":29,"column":43}},"type":"binary-expr","locations":[{"start":{"line":29,"column":8},"end":{"line":29,"column":22}},{"start":{"line":29,"column":26},"end":{"line":29,"column":43}}],"line":29},"2":{"loc":{"start":{"line":48,"column":7},"end":{"line":48,"column":81}},"type":"binary-expr","locations":[{"start":{"line":48,"column":7},"end":{"line":48,"column":16}},{"start":{"line":48,"column":20},"end":{"line":48,"column":81}}],"line":48}},"s":{"0":2,"1":2,"2":2,"3":2,"4":2,"5":2,"6":0,"7":0,"8":0,"9":0,"10":0,"11":0,"12":0,"13":0,"14":2,"15":0,"16":2},"f":{"0":2,"1":0,"2":0,"3":0,"4":0},"b":{"0":[0,0],"1":[0,0],"2":[2,0]},"_coverageSchema":"1a1c01bbd47fc00a2c39e90264f33305004495a9","hash":"177d97606c526da65675082675e2471c8a4038d8"}
,"/home/jadygodoi/Documentos/Coding/Ada_Lets_Code/REACT/react-ii/src/pages/Login/style.jsx": {"path":"/home/jadygodoi/Documentos/Coding/Ada_Lets_Code/REACT/react-ii/src/pages/Login/style.jsx","statementMap":{"0":{"start":{"line":3,"column":23},"end":{"line":20,"column":1}},"1":{"start":{"line":22,"column":24},"end":{"line":27,"column":1}}},"fnMap":{},"branchMap":{},"s":{"0":2,"1":2},"f":{},"b":{},"_coverageSchema":"1a1c01bbd47fc00a2c39e90264f33305004495a9","hash":"96edfaf7229f0fe6a6246b3d9b070736f98de674"}
,"/home/jadygodoi/Documentos/Coding/Ada_Lets_Code/REACT/react-ii/src/ui/Text/text.jsx": {"path":"/home/jadygodoi/Documentos/Coding/Ada_Lets_Code/REACT/react-ii/src/ui/Text/text.jsx","statementMap":{"0":{"start":{"line":3,"column":20},"end":{"line":7,"column":1}},"1":{"start":{"line":4,"column":22},"end":{"line":4,"column":43}},"2":{"start":{"line":5,"column":29},"end":{"line":5,"column":53}},"3":{"start":{"line":6,"column":27},"end":{"line":6,"column":62}},"4":{"start":{"line":9,"column":20},"end":{"line":11,"column":1}},"5":{"start":{"line":12,"column":27},"end":{"line":19,"column":1}},"6":{"start":{"line":21,"column":24},"end":{"line":27,"column":1}},"7":{"start":{"line":22,"column":2},"end":{"line":26,"column":4}}},"fnMap":{"0":{"name":"(anonymous_0)","decl":{"start":{"line":4,"column":11},"end":{"line":4,"column":12}},"loc":{"start":{"line":4,"column":22},"end":{"line":4,"column":43}},"line":4},"1":{"name":"(anonymous_1)","decl":{"start":{"line":5,"column":17},"end":{"line":5,"column":18}},"loc":{"start":{"line":5,"column":29},"end":{"line":5,"column":53}},"line":5},"2":{"name":"(anonymous_2)","decl":{"start":{"line":6,"column":15},"end":{"line":6,"column":16}},"loc":{"start":{"line":6,"column":27},"end":{"line":6,"column":62}},"line":6},"3":{"name":"(anonymous_3)","decl":{"start":{"line":21,"column":24},"end":{"line":21,"column":25}},"loc":{"start":{"line":21,"column":35},"end":{"line":27,"column":1}},"line":21}},"branchMap":{"0":{"loc":{"start":{"line":4,"column":22},"end":{"line":4,"column":43}},"type":"binary-expr","locations":[{"start":{"line":4,"column":22},"end":{"line":4,"column":33}},{"start":{"line":4,"column":37},"end":{"line":4,"column":43}}],"line":4},"1":{"loc":{"start":{"line":5,"column":29},"end":{"line":5,"column":53}},"type":"cond-expr","locations":[{"start":{"line":5,"column":42},"end":{"line":5,"column":48}},{"start":{"line":5,"column":51},"end":{"line":5,"column":53}}],"line":5},"2":{"loc":{"start":{"line":6,"column":27},"end":{"line":6,"column":62}},"type":"cond-expr","locations":[{"start":{"line":6,"column":51},"end":{"line":6,"column":57}},{"start":{"line":6,"column":60},"end":{"line":6,"column":62}}],"line":6}},"s":{"0":3,"1":5,"2":5,"3":5,"4":3,"5":3,"6":3,"7":2},"f":{"0":5,"1":5,"2":5,"3":2},"b":{"0":[5,5],"1":[0,5],"2":[2,3]},"_coverageSchema":"1a1c01bbd47fc00a2c39e90264f33305004495a9","hash":"23bd72fd177e4c03b305ee4bf7eb7b775f5ffbe8"}
}
