TN:
SF:src/App.jsx
FN:19,reducer
FN:43,(anonymous_1)
FN:69,App
FNF:3
FNH:1
FNDA:0,reducer
FNDA:0,(anonymous_1)
FNDA:1,App
DA:10,2
DA:20,0
DA:22,0
DA:27,0
DA:35,0
DA:43,0
DA:44,0
DA:46,0
DA:54,0
DA:62,0
DA:67,2
DA:73,1
DA:79,1
LF:13
LH:4
BRDA:20,0,0,0
BRDA:20,0,1,0
BRDA:20,0,2,0
BRDA:20,0,3,0
BRDA:20,0,4,0
BRDA:20,0,5,0
BRDA:81,1,0,1
BRDA:81,1,1,1
BRDA:82,2,0,1
BRDA:82,2,1,0
BRDA:83,3,0,1
BRDA:83,3,1,0
BRDA:84,4,0,1
BRDA:84,4,1,0
BRF:14
BRH:5
end_of_record
TN:
SF:src/components/Title/index.jsx
FNF:0
FNH:0
LF:0
LH:0
BRF:0
BRH:0
end_of_record
TN:
SF:src/components/Title/style.jsx
FNF:0
FNH:0
DA:3,2
LF:1
LH:1
BRF:0
BRH:0
end_of_record
TN:
SF:src/pages/Login/login.jsx
FN:13,(anonymous_0)
FN:21,(anonymous_1)
FN:23,(anonymous_2)
FN:26,(anonymous_3)
FN:40,(anonymous_4)
FNF:5
FNH:1
FNDA:2,(anonymous_0)
FNDA:0,(anonymous_1)
FNDA:0,(anonymous_2)
FNDA:0,(anonymous_3)
FNDA:0,(anonymous_4)
DA:13,2
DA:14,2
DA:15,2
DA:18,2
DA:19,2
DA:21,2
DA:22,0
DA:23,0
DA:25,0
DA:26,0
DA:29,0
DA:30,0
DA:31,0
DA:34,0
DA:40,2
DA:41,0
DA:45,2
LF:17
LH:8
BRDA:29,0,0,0
BRDA:29,0,1,0
BRDA:29,1,0,0
BRDA:29,1,1,0
BRDA:48,2,0,2
BRDA:48,2,1,0
BRF:6
BRH:1
end_of_record
TN:
SF:src/pages/Login/style.jsx
FNF:0
FNH:0
DA:3,2
DA:22,2
LF:2
LH:2
BRF:0
BRH:0
end_of_record
TN:
SF:src/ui/Text/text.jsx
FN:4,(anonymous_0)
FN:5,(anonymous_1)
FN:6,(anonymous_2)
FN:21,(anonymous_3)
FNF:4
FNH:4
FNDA:5,(anonymous_0)
FNDA:5,(anonymous_1)
FNDA:5,(anonymous_2)
FNDA:2,(anonymous_3)
DA:3,3
DA:4,5
DA:5,5
DA:6,5
DA:9,3
DA:12,3
DA:21,3
DA:22,2
LF:8
LH:8
BRDA:4,0,0,5
BRDA:4,0,1,5
BRDA:5,1,0,0
BRDA:5,1,1,5
BRDA:6,2,0,2
BRDA:6,2,1,3
BRF:6
BRH:5
end_of_record
